0 info it worked if it ends with ok
1 verbose cli [ 'C:\\Program Files\\nodejs\\node.exe',
1 verbose cli   'C:\\Users\\mdevries\\AppData\\Roaming\\npm\\node_modules\\npm\\bin\\npm-cli.js',
1 verbose cli   'link' ]
2 info using npm@4.0.3
3 info using node@v6.10.3
4 verbose linkPkg C:\cygwin64\bin
5 verbose stack Error: ENOENT: no such file or directory, open 'C:\cygwin64\bin\package.json'
5 verbose stack     at Error (native)
6 verbose cwd C:\cygwin64\bin
7 error Windows_NT 6.1.7601
8 error argv "C:\\Program Files\\nodejs\\node.exe" "C:\\Users\\mdevries\\AppData\\Roaming\\npm\\node_modules\\npm\\bin\\npm-cli.js" "link"
9 error node v6.10.3
10 error npm  v4.0.3
11 error path C:\cygwin64\bin\package.json
12 error code ENOENT
13 error errno -4058
14 error syscall open
15 error enoent ENOENT: no such file or directory, open 'C:\cygwin64\bin\package.json'
16 error enoent ENOENT: no such file or directory, open 'C:\cygwin64\bin\package.json'
16 error enoent This is most likely not a problem with npm itself
16 error enoent and is related to npm not being able to find a file.
17 verbose exit [ -4058, true ]
